============================= test session starts =============================
platform win32 -- Python 3.13.0, pytest-9.0.2, pluggy-1.6.0
rootdir: D:\Coding\IoTProject\backend
plugins: anyio-4.12.0, asyncio-1.3.0
asyncio: mode=Mode.STRICT, debug=False, asyncio_default_fixture_loop_scope=None, asyncio_default_test_loop_scope=function
collected 58 items

tests\test_models.py ..............                                      [ 24%]
tests\test_progressive_penalty.py ..............                         [ 48%]
tests\test_state_manager.py ....................                         [ 82%]
tests\test_violation_checker.py ..........                               [100%]

============================= 58 passed in 0.39s ==============================
